<?xml version="1.0" encoding="UTF-8"?>
<testng-results total="1" passed="1" failed="0" skipped="0">
  <reporter-output>
  </reporter-output>
  <suite started-at="2019-05-20T22:39:21Z" name="Surefire suite" finished-at="2019-05-20T22:39:21Z" duration-ms="28">
    <groups>
    </groups>
    <test started-at="2019-05-20T22:39:21Z" name="Surefire test" finished-at="2019-05-20T22:39:21Z" duration-ms="28">
      <class name="com.flexon.Calculator.AppTest">
        <test-method signature="shouldAnswerWithTrue()[pri:0, instance:shouldAnswerWithTrue(com.flexon.Calculator.AppTest)]" started-at="2019-05-20T15:39:21Z" name="shouldAnswerWithTrue" finished-at="2019-05-20T15:39:21Z" duration-ms="1" status="PASS">
          <reporter-output>
          </reporter-output>
        </test-method> <!-- shouldAnswerWithTrue -->
      </class> <!-- com.flexon.Calculator.AppTest -->
    </test> <!-- Surefire test -->
  </suite> <!-- Surefire suite -->
</testng-results>
