<?xml version="1.0" encoding="UTF-8"?>
<testsuite xmlns:xsi="http://www.w3.org/2001/XMLSchema-instance" xsi:noNamespaceSchemaLocation="https://maven.apache.org/surefire/maven-surefire-plugin/xsd/surefire-test-report.xsd" name="TestSuite" time="0.35" tests="3" errors="0" skipped="0" failures="0">
  <properties>
[...]
</properties>
  <testcase name="testAdd" classname="com.flexon.Calculator.TestCalc" time="0.007"/>
  <testcase name="testSubstract" classname="com.flexon.Calculator.TestCalc" time="0"/>
  <testcase name="shouldAnswerWithTrue on shouldAnswerWithTrue(com.flexon.Calculator.AppTest)" classname="com.flexon.Calculator.AppTest" time="0.001"/>
</testsuite>